This file contains any messages produced by compilers while
running configure, to aid debugging if configure makes a mistake.

It was created by configure, which was
generated by GNU Autoconf 2.61.  Invocation command line was

  $ ./configure --with-alize=/home/sylvain/Mistral3/ALIZE --with-liatools=/home/sylvain/Mistral3/LIA_RAL/LIA_SpkTools --no-create --no-recursion

## --------- ##
## Platform. ##
## --------- ##

hostname = mydesktop
uname -m = i686
uname -r = 2.6.22-16-386
uname -s = Linux
uname -v = #1 Sun Jan 25 23:31:03 GMT 2009

/usr/bin/uname -p = unknown
/bin/uname -X     = unknown

/bin/arch              = unknown
/usr/bin/arch -k       = unknown
/usr/convex/getsysinfo = unknown
/usr/bin/hostinfo      = unknown
/bin/machine           = unknown
/usr/bin/oslevel       = unknown
/bin/universe          = unknown

PATH: /usr/local/sbin
PATH: /usr/local/bin
PATH: /usr/sbin
PATH: /usr/bin
PATH: /sbin
PATH: /bin
PATH: /usr/bin/X11
PATH: /usr/games


## ----------- ##
## Core tests. ##
## ----------- ##

configure:1971: checking build system type
configure:1989: result: i686-pc-linux-gnu
configure:2011: checking host system type
configure:2026: result: i686-pc-linux-gnu
configure:2048: checking target system type
configure:2063: result: i686-pc-linux-gnu
configure:2108: checking for a BSD-compatible install
configure:2164: result: /usr/bin/install -c
configure:2175: checking whether build environment is sane
configure:2218: result: yes
configure:2242: WARNING: `missing' script is too old or missing
configure:2246: checking for a thread-safe mkdir -p
configure:2285: result: /bin/mkdir -p
configure:2298: checking for gawk
configure:2314: found /usr/bin/gawk
configure:2325: result: gawk
configure:2336: checking whether make sets $(MAKE)
configure:2357: result: yes
configure:2560: checking for style of include used by make
configure:2588: result: GNU
configure:2658: checking for gcc
configure:2674: found /usr/bin/gcc
configure:2685: result: gcc
configure:2923: checking for C compiler version
configure:2930: gcc --version >&5
gcc (GCC) 4.1.3 20070929 (prerelease) (Ubuntu 4.1.2-16ubuntu2)
Copyright (C) 2006 Free Software Foundation, Inc.
This is free software; see the source for copying conditions.  There is NO
warranty; not even for MERCHANTABILITY or FITNESS FOR A PARTICULAR PURPOSE.

configure:2933: $? = 0
configure:2940: gcc -v >&5
Using built-in specs.
Target: i486-linux-gnu
Configured with: ../src/configure -v --enable-languages=c,c++,fortran,objc,obj-c++,treelang --prefix=/usr --enable-shared --with-system-zlib --libexecdir=/usr/lib --without-included-gettext --enable-threads=posix --enable-nls --with-gxx-include-dir=/usr/include/c++/4.1.3 --program-suffix=-4.1 --enable-__cxa_atexit --enable-clocale=gnu --enable-libstdcxx-debug --enable-mpfr --enable-checking=release i486-linux-gnu
Thread model: posix
gcc version 4.1.3 20070929 (prerelease) (Ubuntu 4.1.2-16ubuntu2)
configure:2943: $? = 0
configure:2950: gcc -V >&5
gcc: '-V' option must have argument
configure:2953: $? = 1
configure:2976: checking for C compiler default output file name
configure:3003: gcc    conftest.c  >&5
configure:3006: $? = 0
configure:3044: result: a.out
configure:3061: checking whether the C compiler works
configure:3071: ./a.out
configure:3074: $? = 0
configure:3091: result: yes
configure:3098: checking whether we are cross compiling
configure:3100: result: no
configure:3103: checking for suffix of executables
configure:3110: gcc -o conftest    conftest.c  >&5
configure:3113: $? = 0
configure:3137: result: 
configure:3143: checking for suffix of object files
configure:3169: gcc -c   conftest.c >&5
configure:3172: $? = 0
configure:3195: result: o
configure:3199: checking whether we are using the GNU C compiler
configure:3228: gcc -c   conftest.c >&5
configure:3234: $? = 0
configure:3251: result: yes
configure:3256: checking whether gcc accepts -g
configure:3286: gcc -c -g  conftest.c >&5
configure:3292: $? = 0
configure:3391: result: yes
configure:3408: checking for gcc option to accept ISO C89
configure:3482: gcc  -c -g -O2  conftest.c >&5
configure:3488: $? = 0
configure:3511: result: none needed
configure:3531: checking dependency style of gcc
configure:3622: result: gcc3
configure:3638: checking for library containing strerror
configure:3679: gcc -o conftest -g -O2   conftest.c  >&5
configure:3685: $? = 0
configure:3713: result: none required
configure:3769: checking for gcc
configure:3796: result: gcc
configure:4034: checking for C compiler version
configure:4041: gcc --version >&5
gcc (GCC) 4.1.3 20070929 (prerelease) (Ubuntu 4.1.2-16ubuntu2)
Copyright (C) 2006 Free Software Foundation, Inc.
This is free software; see the source for copying conditions.  There is NO
warranty; not even for MERCHANTABILITY or FITNESS FOR A PARTICULAR PURPOSE.

configure:4044: $? = 0
configure:4051: gcc -v >&5
Using built-in specs.
Target: i486-linux-gnu
Configured with: ../src/configure -v --enable-languages=c,c++,fortran,objc,obj-c++,treelang --prefix=/usr --enable-shared --with-system-zlib --libexecdir=/usr/lib --without-included-gettext --enable-threads=posix --enable-nls --with-gxx-include-dir=/usr/include/c++/4.1.3 --program-suffix=-4.1 --enable-__cxa_atexit --enable-clocale=gnu --enable-libstdcxx-debug --enable-mpfr --enable-checking=release i486-linux-gnu
Thread model: posix
gcc version 4.1.3 20070929 (prerelease) (Ubuntu 4.1.2-16ubuntu2)
configure:4054: $? = 0
configure:4061: gcc -V >&5
gcc: '-V' option must have argument
configure:4064: $? = 1
configure:4067: checking whether we are using the GNU C compiler
configure:4119: result: yes
configure:4124: checking whether gcc accepts -g
configure:4259: result: yes
configure:4276: checking for gcc option to accept ISO C89
configure:4379: result: none needed
configure:4399: checking dependency style of gcc
configure:4490: result: gcc3
configure:4553: checking for gcc
configure:4580: result: gcc
configure:4818: checking for C compiler version
configure:4825: gcc --version >&5
gcc (GCC) 4.1.3 20070929 (prerelease) (Ubuntu 4.1.2-16ubuntu2)
Copyright (C) 2006 Free Software Foundation, Inc.
This is free software; see the source for copying conditions.  There is NO
warranty; not even for MERCHANTABILITY or FITNESS FOR A PARTICULAR PURPOSE.

configure:4828: $? = 0
configure:4835: gcc -v >&5
Using built-in specs.
Target: i486-linux-gnu
Configured with: ../src/configure -v --enable-languages=c,c++,fortran,objc,obj-c++,treelang --prefix=/usr --enable-shared --with-system-zlib --libexecdir=/usr/lib --without-included-gettext --enable-threads=posix --enable-nls --with-gxx-include-dir=/usr/include/c++/4.1.3 --program-suffix=-4.1 --enable-__cxa_atexit --enable-clocale=gnu --enable-libstdcxx-debug --enable-mpfr --enable-checking=release i486-linux-gnu
Thread model: posix
gcc version 4.1.3 20070929 (prerelease) (Ubuntu 4.1.2-16ubuntu2)
configure:4838: $? = 0
configure:4845: gcc -V >&5
gcc: '-V' option must have argument
configure:4848: $? = 1
configure:4851: checking whether we are using the GNU C compiler
configure:4903: result: yes
configure:4908: checking whether gcc accepts -g
configure:5043: result: yes
configure:5060: checking for gcc option to accept ISO C89
configure:5163: result: none needed
configure:5183: checking dependency style of gcc
configure:5274: result: gcc3
configure:5350: checking for g++
configure:5366: found /usr/bin/g++
configure:5377: result: g++
configure:5408: checking for C++ compiler version
configure:5415: g++ --version >&5
g++ (GCC) 4.1.3 20070929 (prerelease) (Ubuntu 4.1.2-16ubuntu2)
Copyright (C) 2006 Free Software Foundation, Inc.
This is free software; see the source for copying conditions.  There is NO
warranty; not even for MERCHANTABILITY or FITNESS FOR A PARTICULAR PURPOSE.

configure:5418: $? = 0
configure:5425: g++ -v >&5
Using built-in specs.
Target: i486-linux-gnu
Configured with: ../src/configure -v --enable-languages=c,c++,fortran,objc,obj-c++,treelang --prefix=/usr --enable-shared --with-system-zlib --libexecdir=/usr/lib --without-included-gettext --enable-threads=posix --enable-nls --with-gxx-include-dir=/usr/include/c++/4.1.3 --program-suffix=-4.1 --enable-__cxa_atexit --enable-clocale=gnu --enable-libstdcxx-debug --enable-mpfr --enable-checking=release i486-linux-gnu
Thread model: posix
gcc version 4.1.3 20070929 (prerelease) (Ubuntu 4.1.2-16ubuntu2)
configure:5428: $? = 0
configure:5435: g++ -V >&5
g++: '-V' option must have argument
configure:5438: $? = 1
configure:5441: checking whether we are using the GNU C++ compiler
configure:5470: g++ -c   conftest.cpp >&5
configure:5476: $? = 0
configure:5493: result: yes
configure:5498: checking whether g++ accepts -g
configure:5528: g++ -c -g  conftest.cpp >&5
configure:5534: $? = 0
configure:5633: result: yes
configure:5658: checking dependency style of g++
configure:5749: result: gcc3
configure:5807: checking for ranlib
configure:5823: found /usr/bin/ranlib
configure:5834: result: ranlib
configure:5873: checking for a BSD-compatible install
configure:5929: result: /usr/bin/install -c
configure:6015: checking for a sed that does not truncate output
configure:6071: result: /bin/sed
configure:6074: checking for grep that handles long lines and -e
configure:6148: result: /bin/grep
configure:6153: checking for egrep
configure:6231: result: /bin/grep -E
configure:6247: checking for ld used by gcc
configure:6314: result: /usr/bin/ld
configure:6323: checking if the linker (/usr/bin/ld) is GNU ld
configure:6338: result: yes
configure:6343: checking for /usr/bin/ld option to reload object files
configure:6350: result: -r
configure:6368: checking for BSD-compatible nm
configure:6417: result: /usr/bin/nm -B
configure:6421: checking whether ln -s works
configure:6425: result: yes
configure:6432: checking how to recognize dependent libraries
configure:6618: result: pass_all
configure:6858: checking how to run the C preprocessor
configure:6898: gcc -E  conftest.c
configure:6904: $? = 0
configure:6935: gcc -E  conftest.c
conftest.c:10:28: error: ac_nonexistent.h: No such file or directory
configure:6941: $? = 1
configure: failed program was:
| /* confdefs.h.  */
| #define PACKAGE_NAME ""
| #define PACKAGE_TARNAME ""
| #define PACKAGE_VERSION ""
| #define PACKAGE_STRING ""
| #define PACKAGE_BUGREPORT ""
| #define PACKAGE "MISTRAL_Seg"
| #define VERSION "20090330"
| /* end confdefs.h.  */
| #include <ac_nonexistent.h>
configure:6974: result: gcc -E
configure:7003: gcc -E  conftest.c
configure:7009: $? = 0
configure:7040: gcc -E  conftest.c
conftest.c:10:28: error: ac_nonexistent.h: No such file or directory
configure:7046: $? = 1
configure: failed program was:
| /* confdefs.h.  */
| #define PACKAGE_NAME ""
| #define PACKAGE_TARNAME ""
| #define PACKAGE_VERSION ""
| #define PACKAGE_STRING ""
| #define PACKAGE_BUGREPORT ""
| #define PACKAGE "MISTRAL_Seg"
| #define VERSION "20090330"
| /* end confdefs.h.  */
| #include <ac_nonexistent.h>
configure:7084: checking for ANSI C header files
configure:7114: gcc -c -g -O2  conftest.c >&5
configure:7120: $? = 0
configure:7219: gcc -o conftest -g -O2   conftest.c  >&5
configure:7222: $? = 0
configure:7228: ./conftest
configure:7231: $? = 0
configure:7248: result: yes
configure:7272: checking for sys/types.h
configure:7293: gcc -c -g -O2  conftest.c >&5
configure:7299: $? = 0
configure:7315: result: yes
configure:7272: checking for sys/stat.h
configure:7293: gcc -c -g -O2  conftest.c >&5
configure:7299: $? = 0
configure:7315: result: yes
configure:7272: checking for stdlib.h
configure:7293: gcc -c -g -O2  conftest.c >&5
configure:7299: $? = 0
configure:7315: result: yes
configure:7272: checking for string.h
configure:7293: gcc -c -g -O2  conftest.c >&5
configure:7299: $? = 0
configure:7315: result: yes
configure:7272: checking for memory.h
configure:7293: gcc -c -g -O2  conftest.c >&5
configure:7299: $? = 0
configure:7315: result: yes
configure:7272: checking for strings.h
configure:7293: gcc -c -g -O2  conftest.c >&5
configure:7299: $? = 0
configure:7315: result: yes
configure:7272: checking for inttypes.h
configure:7293: gcc -c -g -O2  conftest.c >&5
configure:7299: $? = 0
configure:7315: result: yes
configure:7272: checking for stdint.h
configure:7293: gcc -c -g -O2  conftest.c >&5
configure:7299: $? = 0
configure:7315: result: yes
configure:7272: checking for unistd.h
configure:7293: gcc -c -g -O2  conftest.c >&5
configure:7299: $? = 0
configure:7315: result: yes
configure:7342: checking dlfcn.h usability
configure:7359: gcc -c -g -O2  conftest.c >&5
configure:7365: $? = 0
configure:7379: result: yes
configure:7383: checking dlfcn.h presence
configure:7398: gcc -E  conftest.c
configure:7404: $? = 0
configure:7418: result: yes
configure:7446: checking for dlfcn.h
configure:7454: result: yes
configure:7477: checking how to run the C++ preprocessor
configure:7513: g++ -E  conftest.cpp
configure:7519: $? = 0
configure:7550: g++ -E  conftest.cpp
conftest.cpp:21:28: error: ac_nonexistent.h: No such file or directory
configure:7556: $? = 1
configure: failed program was:
| /* confdefs.h.  */
| #define PACKAGE_NAME ""
| #define PACKAGE_TARNAME ""
| #define PACKAGE_VERSION ""
| #define PACKAGE_STRING ""
| #define PACKAGE_BUGREPORT ""
| #define PACKAGE "MISTRAL_Seg"
| #define VERSION "20090330"
| #define STDC_HEADERS 1
| #define HAVE_SYS_TYPES_H 1
| #define HAVE_SYS_STAT_H 1
| #define HAVE_STDLIB_H 1
| #define HAVE_STRING_H 1
| #define HAVE_MEMORY_H 1
| #define HAVE_STRINGS_H 1
| #define HAVE_INTTYPES_H 1
| #define HAVE_STDINT_H 1
| #define HAVE_UNISTD_H 1
| #define HAVE_DLFCN_H 1
| /* end confdefs.h.  */
| #include <ac_nonexistent.h>
configure:7589: result: g++ -E
configure:7618: g++ -E  conftest.cpp
configure:7624: $? = 0
configure:7655: g++ -E  conftest.cpp
conftest.cpp:21:28: error: ac_nonexistent.h: No such file or directory
configure:7661: $? = 1
configure: failed program was:
| /* confdefs.h.  */
| #define PACKAGE_NAME ""
| #define PACKAGE_TARNAME ""
| #define PACKAGE_VERSION ""
| #define PACKAGE_STRING ""
| #define PACKAGE_BUGREPORT ""
| #define PACKAGE "MISTRAL_Seg"
| #define VERSION "20090330"
| #define STDC_HEADERS 1
| #define HAVE_SYS_TYPES_H 1
| #define HAVE_SYS_STAT_H 1
| #define HAVE_STDLIB_H 1
| #define HAVE_STRING_H 1
| #define HAVE_MEMORY_H 1
| #define HAVE_STRINGS_H 1
| #define HAVE_INTTYPES_H 1
| #define HAVE_STDINT_H 1
| #define HAVE_UNISTD_H 1
| #define HAVE_DLFCN_H 1
| /* end confdefs.h.  */
| #include <ac_nonexistent.h>
configure:7754: checking for g77
configure:7784: result: no
configure:7754: checking for xlf
configure:7784: result: no
configure:7754: checking for f77
configure:7784: result: no
configure:7754: checking for frt
configure:7784: result: no
configure:7754: checking for pgf77
configure:7784: result: no
configure:7754: checking for cf77
configure:7784: result: no
configure:7754: checking for fort77
configure:7784: result: no
configure:7754: checking for fl32
configure:7784: result: no
configure:7754: checking for af77
configure:7784: result: no
configure:7754: checking for xlf90
configure:7784: result: no
configure:7754: checking for f90
configure:7784: result: no
configure:7754: checking for pgf90
configure:7784: result: no
configure:7754: checking for pghpf
configure:7784: result: no
configure:7754: checking for epcf90
configure:7784: result: no
configure:7754: checking for gfortran
configure:7784: result: no
configure:7754: checking for g95
configure:7784: result: no
configure:7754: checking for xlf95
configure:7784: result: no
configure:7754: checking for f95
configure:7784: result: no
configure:7754: checking for fort
configure:7784: result: no
configure:7754: checking for ifort
configure:7784: result: no
configure:7754: checking for ifc
configure:7784: result: no
configure:7754: checking for efc
configure:7784: result: no
configure:7754: checking for pgf95
configure:7784: result: no
configure:7754: checking for lf95
configure:7784: result: no
configure:7754: checking for ftn
configure:7784: result: no
configure:7811: checking for Fortran 77 compiler version
configure:7818:  --version >&5
./configure: line 7819: --version: command not found
configure:7821: $? = 127
configure:7828:  -v >&5
./configure: line 7829: -v: command not found
configure:7831: $? = 127
configure:7838:  -V >&5
./configure: line 7839: -V: command not found
configure:7841: $? = 127
configure:7849: checking whether we are using the GNU Fortran 77 compiler
configure:7868:  -c  conftest.F >&5
./configure: line 7869: -c: command not found
configure:7874: $? = 127
configure: failed program was:
|       program main
| #ifndef __GNUC__
|        choke me
| #endif
| 
|       end
configure:7891: result: no
configure:7897: checking whether  accepts -g
configure:7914:  -c -g conftest.f >&5
./configure: line 7915: -c: command not found
configure:7920: $? = 127
configure: failed program was:
|       program main
| 
|       end
configure:7936: result: no
configure:7966: checking the maximum length of command line arguments
configure:8078: result: 98304
configure:8090: checking command to parse /usr/bin/nm -B output from gcc object
configure:8195: gcc -c -g -O2  conftest.c >&5
configure:8198: $? = 0
configure:8202: /usr/bin/nm -B conftest.o \| sed -n -e 's/^.*[ 	]\([ABCDGIRSTW][ABCDGIRSTW]*\)[ 	][ 	]*\([_A-Za-z][_A-Za-z0-9]*\)$/\1 \2 \2/p' \> conftest.nm
configure:8205: $? = 0
configure:8257: gcc -o conftest -g -O2   conftest.c conftstm.o >&5
configure:8260: $? = 0
configure:8298: result: ok
configure:8302: checking for objdir
configure:8317: result: .libs
configure:8409: checking for ar
configure:8425: found /usr/bin/ar
configure:8436: result: ar
configure:8505: checking for ranlib
configure:8532: result: ranlib
configure:8601: checking for strip
configure:8617: found /usr/bin/strip
configure:8628: result: strip
configure:8914: checking if gcc supports -fno-rtti -fno-exceptions
configure:8932: gcc -c -g -O2  -fno-rtti -fno-exceptions conftest.c >&5
cc1: warning: command line option "-fno-rtti" is valid for C++/ObjC++ but not for C
configure:8936: $? = 0
configure:8949: result: no
configure:8964: checking for gcc option to produce PIC
configure:9196: result: -fPIC
configure:9204: checking if gcc PIC flag -fPIC works
configure:9222: gcc -c -g -O2  -fPIC -DPIC conftest.c >&5
configure:9226: $? = 0
configure:9239: result: yes
configure:9267: checking if gcc static flag -static works
configure:9295: result: yes
configure:9305: checking if gcc supports -c -o file.o
configure:9326: gcc -c -g -O2  -o out/conftest2.o conftest.c >&5
configure:9330: $? = 0
configure:9352: result: yes
configure:9378: checking whether the gcc linker (/usr/bin/ld) supports shared libraries
configure:10359: result: yes
configure:10380: checking whether -lc should be explicitly linked in
configure:10385: gcc -c -g -O2  conftest.c >&5
configure:10388: $? = 0
configure:10403: gcc -shared conftest.o  -v -Wl,-soname -Wl,conftest -o conftest 2\>\&1 \| grep  -lc  \>/dev/null 2\>\&1
configure:10406: $? = 0
configure:10418: result: no
configure:10426: checking dynamic linker characteristics
configure:11040: result: GNU/Linux ld.so
configure:11049: checking how to hardcode library paths into programs
configure:11074: result: immediate
configure:11088: checking whether stripping libraries is possible
configure:11093: result: yes
configure:11217: checking for shl_load
configure:11273: gcc -o conftest -g -O2   conftest.c  >&5
/tmp/ccnDsemR.o: In function `main':
/home/eric/mistral_plateforme/sylvain/Mistral3/MISTRAL_Seg-20090216/conftest.c:55: undefined reference to `shl_load'
collect2: ld returned 1 exit status
configure:11279: $? = 1
configure: failed program was:
| /* confdefs.h.  */
| #define PACKAGE_NAME ""
| #define PACKAGE_TARNAME ""
| #define PACKAGE_VERSION ""
| #define PACKAGE_STRING ""
| #define PACKAGE_BUGREPORT ""
| #define PACKAGE "MISTRAL_Seg"
| #define VERSION "20090330"
| #define STDC_HEADERS 1
| #define HAVE_SYS_TYPES_H 1
| #define HAVE_SYS_STAT_H 1
| #define HAVE_STDLIB_H 1
| #define HAVE_STRING_H 1
| #define HAVE_MEMORY_H 1
| #define HAVE_STRINGS_H 1
| #define HAVE_INTTYPES_H 1
| #define HAVE_STDINT_H 1
| #define HAVE_UNISTD_H 1
| #define HAVE_DLFCN_H 1
| /* end confdefs.h.  */
| /* Define shl_load to an innocuous variant, in case <limits.h> declares shl_load.
|    For example, HP-UX 11i <limits.h> declares gettimeofday.  */
| #define shl_load innocuous_shl_load
| 
| /* System header to define __stub macros and hopefully few prototypes,
|     which can conflict with char shl_load (); below.
|     Prefer <limits.h> to <assert.h> if __STDC__ is defined, since
|     <limits.h> exists even on freestanding compilers.  */
| 
| #ifdef __STDC__
| # include <limits.h>
| #else
| # include <assert.h>
| #endif
| 
| #undef shl_load
| 
| /* Override any GCC internal prototype to avoid an error.
|    Use char because int might match the return type of a GCC
|    builtin and then its argument prototype would still apply.  */
| #ifdef __cplusplus
| extern "C"
| #endif
| char shl_load ();
| /* The GNU C library defines this for functions which it implements
|     to always fail with ENOSYS.  Some functions are actually named
|     something starting with __ and the normal name is an alias.  */
| #if defined __stub_shl_load || defined __stub___shl_load
| choke me
| #endif
| 
| int
| main ()
| {
| return shl_load ();
|   ;
|   return 0;
| }
configure:11296: result: no
configure:11301: checking for shl_load in -ldld
configure:11336: gcc -o conftest -g -O2   conftest.c -ldld   >&5
/usr/bin/ld: cannot find -ldld
collect2: ld returned 1 exit status
configure:11342: $? = 1
configure: failed program was:
| /* confdefs.h.  */
| #define PACKAGE_NAME ""
| #define PACKAGE_TARNAME ""
| #define PACKAGE_VERSION ""
| #define PACKAGE_STRING ""
| #define PACKAGE_BUGREPORT ""
| #define PACKAGE "MISTRAL_Seg"
| #define VERSION "20090330"
| #define STDC_HEADERS 1
| #define HAVE_SYS_TYPES_H 1
| #define HAVE_SYS_STAT_H 1
| #define HAVE_STDLIB_H 1
| #define HAVE_STRING_H 1
| #define HAVE_MEMORY_H 1
| #define HAVE_STRINGS_H 1
| #define HAVE_INTTYPES_H 1
| #define HAVE_STDINT_H 1
| #define HAVE_UNISTD_H 1
| #define HAVE_DLFCN_H 1
| /* end confdefs.h.  */
| 
| /* Override any GCC internal prototype to avoid an error.
|    Use char because int might match the return type of a GCC
|    builtin and then its argument prototype would still apply.  */
| #ifdef __cplusplus
| extern "C"
| #endif
| char shl_load ();
| int
| main ()
| {
| return shl_load ();
|   ;
|   return 0;
| }
configure:11360: result: no
configure:11365: checking for dlopen
configure:11421: gcc -o conftest -g -O2   conftest.c  >&5
/tmp/ccjyRFJJ.o: In function `main':
/home/eric/mistral_plateforme/sylvain/Mistral3/MISTRAL_Seg-20090216/conftest.c:55: undefined reference to `dlopen'
collect2: ld returned 1 exit status
configure:11427: $? = 1
configure: failed program was:
| /* confdefs.h.  */
| #define PACKAGE_NAME ""
| #define PACKAGE_TARNAME ""
| #define PACKAGE_VERSION ""
| #define PACKAGE_STRING ""
| #define PACKAGE_BUGREPORT ""
| #define PACKAGE "MISTRAL_Seg"
| #define VERSION "20090330"
| #define STDC_HEADERS 1
| #define HAVE_SYS_TYPES_H 1
| #define HAVE_SYS_STAT_H 1
| #define HAVE_STDLIB_H 1
| #define HAVE_STRING_H 1
| #define HAVE_MEMORY_H 1
| #define HAVE_STRINGS_H 1
| #define HAVE_INTTYPES_H 1
| #define HAVE_STDINT_H 1
| #define HAVE_UNISTD_H 1
| #define HAVE_DLFCN_H 1
| /* end confdefs.h.  */
| /* Define dlopen to an innocuous variant, in case <limits.h> declares dlopen.
|    For example, HP-UX 11i <limits.h> declares gettimeofday.  */
| #define dlopen innocuous_dlopen
| 
| /* System header to define __stub macros and hopefully few prototypes,
|     which can conflict with char dlopen (); below.
|     Prefer <limits.h> to <assert.h> if __STDC__ is defined, since
|     <limits.h> exists even on freestanding compilers.  */
| 
| #ifdef __STDC__
| # include <limits.h>
| #else
| # include <assert.h>
| #endif
| 
| #undef dlopen
| 
| /* Override any GCC internal prototype to avoid an error.
|    Use char because int might match the return type of a GCC
|    builtin and then its argument prototype would still apply.  */
| #ifdef __cplusplus
| extern "C"
| #endif
| char dlopen ();
| /* The GNU C library defines this for functions which it implements
|     to always fail with ENOSYS.  Some functions are actually named
|     something starting with __ and the normal name is an alias.  */
| #if defined __stub_dlopen || defined __stub___dlopen
| choke me
| #endif
| 
| int
| main ()
| {
| return dlopen ();
|   ;
|   return 0;
| }
configure:11444: result: no
configure:11449: checking for dlopen in -ldl
configure:11484: gcc -o conftest -g -O2   conftest.c -ldl   >&5
configure:11490: $? = 0
configure:11508: result: yes
configure:11677: checking whether a program can dlopen itself
configure:11751: gcc -o conftest -g -O2  -DHAVE_DLFCN_H  -Wl,--export-dynamic conftest.c -ldl  >&5
configure: In function 'main':
configure:11747: warning: incompatible implicit declaration of built-in function 'exit'
configure:11754: $? = 0
configure:11772: result: yes
configure:11777: checking whether a statically linked program can dlopen itself
configure:11851: gcc -o conftest -g -O2  -DHAVE_DLFCN_H  -Wl,--export-dynamic -static conftest.c -ldl  >&5
configure: In function 'main':
configure:11847: warning: incompatible implicit declaration of built-in function 'exit'
/tmp/ccp0YYG7.o: In function `main':
/home/eric/mistral_plateforme/sylvain/Mistral3/MISTRAL_Seg-20090216/configure:11835: warning: Using 'dlopen' in statically linked applications requires at runtime the shared libraries from the glibc version used for linking
configure:11854: $? = 0
/usr/local/lib/: cannot read file data: Is a directory
configure:11872: result: no
configure:11895: checking if libtool supports shared libraries
configure:11897: result: yes
configure:11900: checking whether to build shared libraries
configure:11921: result: yes
configure:11924: checking whether to build static libraries
configure:11928: result: yes
configure:12021: creating libtool
configure:12609: checking for ld used by g++
configure:12676: result: /usr/bin/ld
configure:12685: checking if the linker (/usr/bin/ld) is GNU ld
configure:12700: result: yes
configure:12751: checking whether the g++ linker (/usr/bin/ld) supports shared libraries
configure:13725: result: yes
configure:13743: g++ -c -g -O2  conftest.cpp >&5
configure:13746: $? = 0
configure:13898: checking for g++ option to produce PIC
configure:14182: result: -fPIC
configure:14190: checking if g++ PIC flag -fPIC works
configure:14208: g++ -c -g -O2  -fPIC -DPIC conftest.cpp >&5
configure:14212: $? = 0
configure:14225: result: yes
configure:14253: checking if g++ static flag -static works
configure:14281: result: yes
configure:14291: checking if g++ supports -c -o file.o
configure:14312: g++ -c -g -O2  -o out/conftest2.o conftest.cpp >&5
configure:14316: $? = 0
configure:14338: result: yes
configure:14364: checking whether the g++ linker (/usr/bin/ld) supports shared libraries
configure:14392: result: yes
configure:14459: checking dynamic linker characteristics
configure:15021: result: GNU/Linux ld.so
configure:15030: checking how to hardcode library paths into programs
configure:15055: result: immediate
configure:21253: checking for ANSI C header files
configure:21417: result: yes
configure:21427: checking for an ANSI C-conforming const
configure:21502: gcc -c -g -O2  conftest.c >&5
configure:21508: $? = 0
configure:21523: result: yes
configure:21533: checking for size_t
configure:21563: gcc -c -g -O2  conftest.c >&5
configure:21569: $? = 0
configure:21584: result: yes
configure:21614: checking for log in -lm
configure:21649: gcc -o conftest -g -O2   conftest.c -lm   >&5
conftest.c:32: warning: conflicting types for built-in function 'log'
configure:21655: $? = 0
configure:21673: result: yes
configure:21734: checking to see if we can add '-O3 -Wall ' to CXXFLAGS
configure:21737: result: yes
configure:21883: creating ./config.status

## ---------------- ##
## Cache variables. ##
## ---------------- ##

ac_cv_build=i686-pc-linux-gnu
ac_cv_c_compiler_gnu=yes
ac_cv_c_const=yes
ac_cv_cxx_compiler_gnu=yes
ac_cv_env_CCC_set=
ac_cv_env_CCC_value=
ac_cv_env_CC_set=
ac_cv_env_CC_value=
ac_cv_env_CFLAGS_set=
ac_cv_env_CFLAGS_value=
ac_cv_env_CPPFLAGS_set=
ac_cv_env_CPPFLAGS_value=
ac_cv_env_CPP_set=
ac_cv_env_CPP_value=
ac_cv_env_CXXCPP_set=
ac_cv_env_CXXCPP_value=
ac_cv_env_CXXFLAGS_set=
ac_cv_env_CXXFLAGS_value=
ac_cv_env_CXX_set=
ac_cv_env_CXX_value=
ac_cv_env_F77_set=
ac_cv_env_F77_value=
ac_cv_env_FFLAGS_set=
ac_cv_env_FFLAGS_value=
ac_cv_env_LDFLAGS_set=
ac_cv_env_LDFLAGS_value=
ac_cv_env_LIBS_set=
ac_cv_env_LIBS_value=
ac_cv_env_build_alias_set=
ac_cv_env_build_alias_value=
ac_cv_env_host_alias_set=
ac_cv_env_host_alias_value=
ac_cv_env_target_alias_set=
ac_cv_env_target_alias_value=
ac_cv_f77_compiler_gnu=no
ac_cv_func_dlopen=no
ac_cv_func_shl_load=no
ac_cv_header_dlfcn_h=yes
ac_cv_header_inttypes_h=yes
ac_cv_header_memory_h=yes
ac_cv_header_stdc=yes
ac_cv_header_stdint_h=yes
ac_cv_header_stdlib_h=yes
ac_cv_header_string_h=yes
ac_cv_header_strings_h=yes
ac_cv_header_sys_stat_h=yes
ac_cv_header_sys_types_h=yes
ac_cv_header_unistd_h=yes
ac_cv_host=i686-pc-linux-gnu
ac_cv_lib_dl_dlopen=yes
ac_cv_lib_dld_shl_load=no
ac_cv_lib_m_log=yes
ac_cv_objext=o
ac_cv_path_EGREP='/bin/grep -E'
ac_cv_path_GREP=/bin/grep
ac_cv_path_install='/usr/bin/install -c'
ac_cv_path_mkdir=/bin/mkdir
ac_cv_prog_AWK=gawk
ac_cv_prog_CPP='gcc -E'
ac_cv_prog_CXXCPP='g++ -E'
ac_cv_prog_ac_ct_AR=ar
ac_cv_prog_ac_ct_CC=gcc
ac_cv_prog_ac_ct_CXX=g++
ac_cv_prog_ac_ct_RANLIB=ranlib
ac_cv_prog_ac_ct_STRIP=strip
ac_cv_prog_cc_c89=
ac_cv_prog_cc_g=yes
ac_cv_prog_cxx_g=yes
ac_cv_prog_f77_g=no
ac_cv_prog_make_make_set=yes
ac_cv_search_strerror='none required'
ac_cv_target=i686-pc-linux-gnu
ac_cv_type_size_t=yes
am_cv_CC_dependencies_compiler_type=gcc3
am_cv_CXX_dependencies_compiler_type=gcc3
am_cv_prog_cc_stdc=
lt_cv_deplibs_check_method=pass_all
lt_cv_dlopen=dlopen
lt_cv_dlopen_libs=-ldl
lt_cv_dlopen_self=yes
lt_cv_dlopen_self_static=no
lt_cv_file_magic_cmd='$MAGIC_CMD'
lt_cv_file_magic_test_file=
lt_cv_ld_reload_flag=-r
lt_cv_objdir=.libs
lt_cv_path_LD=/usr/bin/ld
lt_cv_path_LDCXX=/usr/bin/ld
lt_cv_path_NM='/usr/bin/nm -B'
lt_cv_path_SED=/bin/sed
lt_cv_prog_compiler_c_o=yes
lt_cv_prog_compiler_c_o_CXX=yes
lt_cv_prog_compiler_rtti_exceptions=no
lt_cv_prog_gnu_ld=yes
lt_cv_prog_gnu_ldcxx=yes
lt_cv_sys_global_symbol_pipe='sed -n -e '\''s/^.*[ 	]\([ABCDGIRSTW][ABCDGIRSTW]*\)[ 	][ 	]*\([_A-Za-z][_A-Za-z0-9]*\)$/\1 \2 \2/p'\'''
lt_cv_sys_global_symbol_to_c_name_address='sed -n -e '\''s/^: \([^ ]*\) $/  {\"\1\", (lt_ptr) 0},/p'\'' -e '\''s/^[BCDEGRST] \([^ ]*\) \([^ ]*\)$/  {"\2", (lt_ptr) \&\2},/p'\'''
lt_cv_sys_global_symbol_to_cdecl='sed -n -e '\''s/^. .* \(.*\)$/extern int \1;/p'\'''
lt_cv_sys_max_cmd_len=98304
lt_lt_cv_prog_compiler_c_o='"yes"'
lt_lt_cv_prog_compiler_c_o_CXX='"yes"'
lt_lt_cv_sys_global_symbol_pipe='"sed -n -e '\''s/^.*[ 	]\\([ABCDGIRSTW][ABCDGIRSTW]*\\)[ 	][ 	]*\\([_A-Za-z][_A-Za-z0-9]*\\)\$/\\1 \\2 \\2/p'\''"'
lt_lt_cv_sys_global_symbol_to_c_name_address='"sed -n -e '\''s/^: \\([^ ]*\\) \$/  {\\\"\\1\\\", (lt_ptr) 0},/p'\'' -e '\''s/^[BCDEGRST] \\([^ ]*\\) \\([^ ]*\\)\$/  {\"\\2\", (lt_ptr) \\&\\2},/p'\''"'
lt_lt_cv_sys_global_symbol_to_cdecl='"sed -n -e '\''s/^. .* \\(.*\\)\$/extern int \\1;/p'\''"'

## ----------------- ##
## Output variables. ##
## ----------------- ##

ACLOCAL='aclocal-1.10'
AMDEPBACKSLASH='\'
AMDEP_FALSE='#'
AMDEP_TRUE=''
AMTAR='tar'
AR='ar'
AUTOCONF='autoconf'
AUTOHEADER='autoheader'
AUTOMAKE='automake-1.10'
AWK='gawk'
CC='gcc'
CCDEPMODE='depmode=gcc3'
CFLAGS='-g -O2'
CPP='gcc -E'
CPPFLAGS=''
CXX='g++'
CXXCPP='g++ -E'
CXXDEPMODE='depmode=gcc3'
CXXFLAGS='-O3 -Wall '
CYGPATH_W='echo'
DEFS='-DHAVE_CONFIG_H'
DEPDIR='.deps'
ECHO='echo'
ECHO_C=''
ECHO_N='-n'
ECHO_T=''
EGREP='/bin/grep -E'
EXEEXT=''
F77=''
FFLAGS=''
GREP='/bin/grep'
INSTALL_DATA='${INSTALL} -m 644'
INSTALL_PROGRAM='${INSTALL}'
INSTALL_SCRIPT='${INSTALL}'
INSTALL_STRIP_PROGRAM='$(install_sh) -c -s'
LDFLAGS=''
LIBOBJS=''
LIBS='-lm '
LIBTOOL='$(SHELL) $(top_builddir)/libtool'
LN_S='ln -s'
LTLIBOBJS=''
MAKEINFO='makeinfo'
OBJEXT='o'
PACKAGE='MISTRAL_Seg'
PACKAGE_BUGREPORT=''
PACKAGE_NAME=''
PACKAGE_STRING=''
PACKAGE_TARNAME=''
PACKAGE_VERSION=''
PATH_SEPARATOR=':'
RANLIB='ranlib'
SED='/bin/sed'
SET_MAKE=''
SHELL='/bin/bash'
STRIP='strip'
VERSION='20090330'
ac_ct_CC='gcc'
ac_ct_CXX='g++'
ac_ct_F77=''
alize_include='-I/home/sylvain/Mistral3/ALIZE/include -I/home/sylvain/Mistral3/ALIZE/src -I/home/sylvain/Mistral3/ALIZE/include/alize/'
alize_lib='-L/home/sylvain/Mistral3/ALIZE/lib -L/home/sylvain/Mistral3/ALIZE/src -I/home/sylvain/Mistral3/ALIZE/include -I/home/sylvain/Mistral3/ALIZE/src -lalize'
am__fastdepCC_FALSE='#'
am__fastdepCC_TRUE=''
am__fastdepCXX_FALSE='#'
am__fastdepCXX_TRUE=''
am__include='include'
am__isrc=''
am__leading_dot='.'
am__quote=''
am__tar='${AMTAR} chof - "$$tardir"'
am__untar='${AMTAR} xf -'
bindir='${exec_prefix}/bin'
build='i686-pc-linux-gnu'
build_alias=''
build_cpu='i686'
build_os='linux-gnu'
build_vendor='pc'
datadir='${datarootdir}'
datarootdir='${prefix}/share'
date_ver='20090330'
docdir='${datarootdir}/doc/${PACKAGE}'
dvidir='${docdir}'
exec_prefix='${prefix}'
host='i686-pc-linux-gnu'
host_alias=''
host_cpu='i686'
host_os='linux-gnu'
host_vendor='pc'
htmldir='${docdir}'
includedir='${prefix}/include'
infodir='${datarootdir}/info'
install_sh='$(SHELL) /home/eric/mistral_plateforme/sylvain/Mistral3/MISTRAL_Seg-20090216/install-sh'
liatools_include='-I/home/sylvain/Mistral3/LIA_RAL/LIA_SpkTools/include -I/home/sylvain/Mistral3/LIA_RAL/LIA_SpkTools/src -I/home/sylvain/Mistral3/LIA_RAL/LIA_SpkTools/include/liatools/'
liatools_lib='-L/home/sylvain/Mistral3/LIA_RAL/LIA_SpkTools/lib -L/home/sylvain/Mistral3/LIA_RAL/LIA_SpkTools -I/home/sylvain/Mistral3/LIA_RAL/LIA_SpkTools -I/home/sylvain/Mistral3/LIA_RAL/LIA_SpkTools/src -lliatools'
libdir='${exec_prefix}/lib'
libexecdir='${exec_prefix}/libexec'
localedir='${datarootdir}/locale'
localstatedir='${prefix}/var'
mandir='${datarootdir}/man'
mkdir_p='/bin/mkdir -p'
oldincludedir='/usr/include'
pdfdir='${docdir}'
prefix='/usr/local'
program_transform_name='s,x,x,'
psdir='${docdir}'
sbindir='${exec_prefix}/sbin'
sharedstatedir='${prefix}/com'
sysconfdir='${prefix}/etc'
target='i686-pc-linux-gnu'
target_alias=''
target_cpu='i686'
target_os='linux-gnu'
target_vendor='pc'

## ----------- ##
## confdefs.h. ##
## ----------- ##

#define PACKAGE_NAME ""
#define PACKAGE_TARNAME ""
#define PACKAGE_VERSION ""
#define PACKAGE_STRING ""
#define PACKAGE_BUGREPORT ""
#define PACKAGE "MISTRAL_Seg"
#define VERSION "20090330"
#define STDC_HEADERS 1
#define HAVE_SYS_TYPES_H 1
#define HAVE_SYS_STAT_H 1
#define HAVE_STDLIB_H 1
#define HAVE_STRING_H 1
#define HAVE_MEMORY_H 1
#define HAVE_STRINGS_H 1
#define HAVE_INTTYPES_H 1
#define HAVE_STDINT_H 1
#define HAVE_UNISTD_H 1
#define HAVE_DLFCN_H 1
#define STDC_HEADERS 1
#define ARCHITECTURE "i686-pc-linux-gnu"
#define PROCESSEUR "i686"
#define __SUN_GCC__ "1"
#define HAVE_LIBM 1
#define ALIZE 1
#define LIATOOLS 1

configure: exit 0

## ---------------------- ##
## Running config.status. ##
## ---------------------- ##

This file was extended by config.status, which was
generated by GNU Autoconf 2.61.  Invocation command line was

  CONFIG_FILES    = 
  CONFIG_HEADERS  = 
  CONFIG_LINKS    = 
  CONFIG_COMMANDS = 
  $ ./config.status 

on mydesktop

config.status:676: creating Makefile
config.status:676: creating src/Makefile
config.status:676: creating doc/Makefile
config.status:676: creating doc/doxygen.cfg
config.status:676: creating test_ester/Makefile
config.status:676: creating test_ester/gmm_ubm/Makefile
config.status:676: creating config.h
config.status:956: executing depfiles commands
